[2022-05-02 13:14:21,008][__main__][INFO] - Early stop patience: 30
[2022-05-02 13:14:21,009][__main__][INFO] - Early stop monitor: val_accuracy
[2022-05-02 13:14:21,009][__main__][INFO] - Batch size: 1024
[2022-05-02 13:14:21,009][__main__][INFO] - Epochs: 400
[2022-05-02 13:14:21,015][__main__][INFO] - Loading non-augmented data
[2022-05-02 13:14:21,288][__main__][INFO] - Running attribute 0
[2022-05-02 13:14:21,288][__main__][INFO] - Training samples: 24157
[2022-05-02 13:14:21,289][__main__][INFO] - Validation samples: 4263
[2022-05-02 13:14:21,289][__main__][INFO] - Test samples: 13050
[2022-05-02 13:14:21,289][__main__][INFO] - Image size: 16
[2022-05-02 13:14:21,289][__main__][INFO] - Number of channels: 1
[2022-05-02 13:14:21,289][__main__][INFO] - Initial number of filters: 8
[2022-05-02 13:14:21,289][__main__][INFO] - Kernel size: (5, 5)
[2022-05-02 13:14:21,289][__main__][INFO] - Dropout rate: 0.5
[2022-05-02 13:18:11,081][tensorflow][INFO] - Assets written to: /tmp/tmpnu6i4ql4/model/data/model/assets
[2022-05-02 13:18:21,841][__main__][INFO] - Training complete
[2022-05-02 13:18:32,179][__main__][INFO] - Test metrics logged
[2022-05-02 13:18:32,396][__main__][INFO] - Loading non-augmented data
[2022-05-02 13:18:32,886][__main__][INFO] - Running attribute 1
[2022-05-02 13:18:32,887][__main__][INFO] - Training samples: 24157
[2022-05-02 13:18:32,887][__main__][INFO] - Validation samples: 4263
[2022-05-02 13:18:32,887][__main__][INFO] - Test samples: 13050
[2022-05-02 13:18:32,887][__main__][INFO] - Image size: 16
[2022-05-02 13:18:32,887][__main__][INFO] - Number of channels: 1
[2022-05-02 13:18:32,887][__main__][INFO] - Initial number of filters: 8
[2022-05-02 13:18:32,887][__main__][INFO] - Kernel size: (5, 5)
[2022-05-02 13:18:32,887][__main__][INFO] - Dropout rate: 0.5
[2022-05-02 13:20:41,696][tensorflow][INFO] - Assets written to: /tmp/tmpt7jcpufg/model/data/model/assets
[2022-05-02 13:20:49,503][__main__][INFO] - Training complete
[2022-05-02 13:20:59,823][__main__][INFO] - Test metrics logged
[2022-05-02 13:20:59,833][__main__][INFO] - Loading non-augmented data
[2022-05-02 13:21:00,093][__main__][INFO] - Running attribute 2
[2022-05-02 13:21:00,093][__main__][INFO] - Training samples: 24157
[2022-05-02 13:21:00,093][__main__][INFO] - Validation samples: 4263
[2022-05-02 13:21:00,093][__main__][INFO] - Test samples: 13050
[2022-05-02 13:21:00,093][__main__][INFO] - Image size: 16
[2022-05-02 13:21:00,094][__main__][INFO] - Number of channels: 1
[2022-05-02 13:21:00,094][__main__][INFO] - Initial number of filters: 8
[2022-05-02 13:21:00,094][__main__][INFO] - Kernel size: (5, 5)
[2022-05-02 13:21:00,094][__main__][INFO] - Dropout rate: 0.5
[2022-05-02 13:33:31,901][tensorflow][INFO] - Assets written to: /tmp/tmpebphenxi/model/data/model/assets
[2022-05-02 13:33:39,775][__main__][INFO] - Training complete
[2022-05-02 13:33:50,106][__main__][INFO] - Test metrics logged
[2022-05-02 13:33:50,115][__main__][INFO] - Loading non-augmented data
[2022-05-02 13:33:50,305][__main__][INFO] - Running attribute 3
[2022-05-02 13:33:50,305][__main__][INFO] - Training samples: 24157
[2022-05-02 13:33:50,305][__main__][INFO] - Validation samples: 4263
[2022-05-02 13:33:50,305][__main__][INFO] - Test samples: 13050
[2022-05-02 13:33:50,305][__main__][INFO] - Image size: 16
[2022-05-02 13:33:50,306][__main__][INFO] - Number of channels: 1
[2022-05-02 13:33:50,306][__main__][INFO] - Initial number of filters: 8
[2022-05-02 13:33:50,306][__main__][INFO] - Kernel size: (5, 5)
[2022-05-02 13:33:50,306][__main__][INFO] - Dropout rate: 0.5
[2022-05-02 13:47:22,757][tensorflow][INFO] - Assets written to: /tmp/tmp5z64xnqf/model/data/model/assets
[2022-05-02 13:47:30,954][__main__][INFO] - Training complete
[2022-05-02 13:47:38,206][__main__][INFO] - Test metrics logged
[2022-05-02 13:47:38,217][__main__][INFO] - Loading non-augmented data
[2022-05-02 13:47:38,418][__main__][INFO] - Running attribute 4
[2022-05-02 13:47:38,418][__main__][INFO] - Training samples: 24157
[2022-05-02 13:47:38,418][__main__][INFO] - Validation samples: 4263
[2022-05-02 13:47:38,418][__main__][INFO] - Test samples: 13050
[2022-05-02 13:47:38,419][__main__][INFO] - Image size: 16
[2022-05-02 13:47:38,419][__main__][INFO] - Number of channels: 1
[2022-05-02 13:47:38,419][__main__][INFO] - Initial number of filters: 8
[2022-05-02 13:47:38,419][__main__][INFO] - Kernel size: (5, 5)
[2022-05-02 13:47:38,419][__main__][INFO] - Dropout rate: 0.5
[2022-05-02 13:50:10,526][tensorflow][INFO] - Assets written to: /tmp/tmpq6rk19yn/model/data/model/assets
[2022-05-02 13:50:18,649][__main__][INFO] - Training complete
[2022-05-02 13:50:25,530][__main__][INFO] - Test metrics logged
[2022-05-02 13:50:25,547][__main__][INFO] - Loading non-augmented data
[2022-05-02 13:50:25,807][__main__][INFO] - Running attribute 5
[2022-05-02 13:50:25,808][__main__][INFO] - Training samples: 24157
[2022-05-02 13:50:25,808][__main__][INFO] - Validation samples: 4263
[2022-05-02 13:50:25,808][__main__][INFO] - Test samples: 13050
[2022-05-02 13:50:25,808][__main__][INFO] - Image size: 16
[2022-05-02 13:50:25,808][__main__][INFO] - Number of channels: 1
[2022-05-02 13:50:25,808][__main__][INFO] - Initial number of filters: 8
[2022-05-02 13:50:25,809][__main__][INFO] - Kernel size: (5, 5)
[2022-05-02 13:50:25,809][__main__][INFO] - Dropout rate: 0.5
[2022-05-02 13:58:11,607][tensorflow][INFO] - Assets written to: /tmp/tmpw4gro9m1/model/data/model/assets
[2022-05-02 13:58:19,589][__main__][INFO] - Training complete
[2022-05-02 13:58:29,916][__main__][INFO] - Test metrics logged
[2022-05-02 13:58:29,926][__main__][INFO] - Loading non-augmented data
[2022-05-02 13:58:30,106][__main__][INFO] - Running complete model
[2022-05-02 13:58:30,106][__main__][INFO] - Training samples: 24157
[2022-05-02 13:58:30,106][__main__][INFO] - Validation samples: 4263
[2022-05-02 13:58:30,107][__main__][INFO] - Test samples: 13050
[2022-05-02 13:58:30,107][__main__][INFO] - Image size: 16
[2022-05-02 13:58:30,107][__main__][INFO] - Number of channels: 6
[2022-05-02 13:58:30,107][__main__][INFO] - Initial number of filters: 8
[2022-05-02 13:58:30,107][__main__][INFO] - Kernel size: (5, 5)
[2022-05-02 13:58:30,107][__main__][INFO] - Dropout rate: 0.5
[2022-05-02 14:07:02,256][tensorflow][INFO] - Assets written to: /tmp/tmp6bseltyo/model/data/model/assets
[2022-05-02 14:07:10,180][__main__][INFO] - Training complete
[2022-05-02 14:07:20,533][__main__][INFO] - Test metrics logged
