[2022-05-01 21:48:56,579][__main__][INFO] - Processing section 89
[2022-05-01 21:48:56,579][__main__][INFO] - Loading data and converting to numpy arrays
[2022-05-01 21:48:59,976][__main__][INFO] - Clipping the GPR section to a format divisible by the sample size: 16
[2022-05-01 21:48:59,976][__main__][INFO] - GPR shape: (928, 944)
[2022-05-01 21:48:59,977][__main__][INFO] - Padding and clipping data attributes to the same size
[2022-05-01 21:48:59,982][__main__][INFO] - Calculating the Hilbert Trace/Similarity
[2022-05-01 21:48:59,993][__main__][INFO] - Loading the ground truth and clipping it
[2022-05-01 21:49:00,030][__main__][INFO] - Concatenating data into a single array
[2022-05-01 21:49:00,069][__main__][INFO] - Saving data to disk
[2022-05-01 21:49:00,069][__main__][INFO] - X shape: (928, 944, 6)
[2022-05-01 21:49:00,070][__main__][INFO] - Y shape: (928, 944)
[2022-05-01 21:49:00,115][__main__][INFO] - Processing section 90
[2022-05-01 21:49:00,115][__main__][INFO] - Loading data and converting to numpy arrays
[2022-05-01 21:49:06,421][__main__][INFO] - Clipping the GPR section to a format divisible by the sample size: 16
[2022-05-01 21:49:06,421][__main__][INFO] - GPR shape: (928, 1632)
[2022-05-01 21:49:06,421][__main__][INFO] - Padding and clipping data attributes to the same size
[2022-05-01 21:49:06,429][__main__][INFO] - Calculating the Hilbert Trace/Similarity
[2022-05-01 21:49:06,447][__main__][INFO] - Loading the ground truth and clipping it
[2022-05-01 21:49:06,501][__main__][INFO] - Concatenating data into a single array
[2022-05-01 21:49:06,570][__main__][INFO] - Saving data to disk
[2022-05-01 21:49:06,571][__main__][INFO] - X shape: (928, 1632, 6)
[2022-05-01 21:49:06,571][__main__][INFO] - Y shape: (928, 1632)
[2022-05-01 21:49:06,698][__main__][INFO] - Processing section 91
[2022-05-01 21:49:06,698][__main__][INFO] - Loading data and converting to numpy arrays
[2022-05-01 21:49:11,739][__main__][INFO] - Clipping the GPR section to a format divisible by the sample size: 16
[2022-05-01 21:49:11,740][__main__][INFO] - GPR shape: (928, 1344)
[2022-05-01 21:49:11,740][__main__][INFO] - Padding and clipping data attributes to the same size
[2022-05-01 21:49:11,747][__main__][INFO] - Calculating the Hilbert Trace/Similarity
[2022-05-01 21:49:11,758][__main__][INFO] - Loading the ground truth and clipping it
[2022-05-01 21:49:11,792][__main__][INFO] - Concatenating data into a single array
[2022-05-01 21:49:11,849][__main__][INFO] - Saving data to disk
[2022-05-01 21:49:11,849][__main__][INFO] - X shape: (928, 1344, 6)
[2022-05-01 21:49:11,849][__main__][INFO] - Y shape: (928, 1344)
[2022-05-01 21:49:11,946][__main__][INFO] - Processing section 92
[2022-05-01 21:49:11,946][__main__][INFO] - Loading data and converting to numpy arrays
[2022-05-01 21:49:20,413][__main__][INFO] - Clipping the GPR section to a format divisible by the sample size: 16
[2022-05-01 21:49:20,413][__main__][INFO] - GPR shape: (928, 2240)
[2022-05-01 21:49:20,413][__main__][INFO] - Padding and clipping data attributes to the same size
[2022-05-01 21:49:20,422][__main__][INFO] - Calculating the Hilbert Trace/Similarity
[2022-05-01 21:49:20,441][__main__][INFO] - Loading the ground truth and clipping it
[2022-05-01 21:49:20,496][__main__][INFO] - Concatenating data into a single array
[2022-05-01 21:49:20,593][__main__][INFO] - Saving data to disk
[2022-05-01 21:49:20,593][__main__][INFO] - X shape: (928, 2240, 6)
[2022-05-01 21:49:20,593][__main__][INFO] - Y shape: (928, 2240)
[2022-05-01 21:49:20,829][__main__][INFO] - Processing section 93
[2022-05-01 21:49:20,830][__main__][INFO] - Loading data and converting to numpy arrays
[2022-05-01 21:49:22,624][__main__][INFO] - Clipping the GPR section to a format divisible by the sample size: 16
[2022-05-01 21:49:22,624][__main__][INFO] - GPR shape: (928, 544)
[2022-05-01 21:49:22,624][__main__][INFO] - Padding and clipping data attributes to the same size
[2022-05-01 21:49:22,627][__main__][INFO] - Calculating the Hilbert Trace/Similarity
[2022-05-01 21:49:22,631][__main__][INFO] - Loading the ground truth and clipping it
[2022-05-01 21:49:22,645][__main__][INFO] - Concatenating data into a single array
[2022-05-01 21:49:22,661][__main__][INFO] - Saving data to disk
[2022-05-01 21:49:22,661][__main__][INFO] - X shape: (928, 544, 6)
[2022-05-01 21:49:22,661][__main__][INFO] - Y shape: (928, 544)
[2022-05-01 21:49:22,699][__main__][INFO] - Processing section 94
[2022-05-01 21:49:22,699][__main__][INFO] - Loading data and converting to numpy arrays
[2022-05-01 21:49:26,746][__main__][INFO] - Clipping the GPR section to a format divisible by the sample size: 16
[2022-05-01 21:49:26,746][__main__][INFO] - GPR shape: (928, 1184)
[2022-05-01 21:49:26,746][__main__][INFO] - Padding and clipping data attributes to the same size
[2022-05-01 21:49:26,752][__main__][INFO] - Calculating the Hilbert Trace/Similarity
[2022-05-01 21:49:26,763][__main__][INFO] - Loading the ground truth and clipping it
[2022-05-01 21:49:26,788][__main__][INFO] - Concatenating data into a single array
[2022-05-01 21:49:26,837][__main__][INFO] - Saving data to disk
[2022-05-01 21:49:26,837][__main__][INFO] - X shape: (928, 1184, 6)
[2022-05-01 21:49:26,837][__main__][INFO] - Y shape: (928, 1184)
[2022-05-01 21:49:26,923][__main__][INFO] - Processing section 95
[2022-05-01 21:49:26,923][__main__][INFO] - Loading data and converting to numpy arrays
[2022-05-01 21:49:30,073][__main__][INFO] - Clipping the GPR section to a format divisible by the sample size: 16
[2022-05-01 21:49:30,073][__main__][INFO] - GPR shape: (928, 896)
[2022-05-01 21:49:30,073][__main__][INFO] - Padding and clipping data attributes to the same size
[2022-05-01 21:49:30,077][__main__][INFO] - Calculating the Hilbert Trace/Similarity
[2022-05-01 21:49:30,085][__main__][INFO] - Loading the ground truth and clipping it
[2022-05-01 21:49:30,104][__main__][INFO] - Concatenating data into a single array
[2022-05-01 21:49:30,140][__main__][INFO] - Saving data to disk
[2022-05-01 21:49:30,140][__main__][INFO] - X shape: (928, 896, 6)
[2022-05-01 21:49:30,140][__main__][INFO] - Y shape: (928, 896)
[2022-05-01 21:49:30,231][__main__][INFO] - Processing section 96
[2022-05-01 21:49:30,231][__main__][INFO] - Loading data and converting to numpy arrays
[2022-05-01 21:49:40,058][__main__][INFO] - Clipping the GPR section to a format divisible by the sample size: 16
[2022-05-01 21:49:40,058][__main__][INFO] - GPR shape: (928, 2656)
[2022-05-01 21:49:40,058][__main__][INFO] - Padding and clipping data attributes to the same size
[2022-05-01 21:49:40,069][__main__][INFO] - Calculating the Hilbert Trace/Similarity
[2022-05-01 21:49:40,092][__main__][INFO] - Loading the ground truth and clipping it
[2022-05-01 21:49:40,148][__main__][INFO] - Concatenating data into a single array
[2022-05-01 21:49:40,256][__main__][INFO] - Saving data to disk
[2022-05-01 21:49:40,256][__main__][INFO] - X shape: (928, 2656, 6)
[2022-05-01 21:49:40,256][__main__][INFO] - Y shape: (928, 2656)
