[2022-05-01 21:49:42,275][__main__][INFO] - Using section 90 in the training set
[2022-05-01 21:49:42,297][__main__][INFO] - Using section 91 in the training set
[2022-05-01 21:49:42,331][__main__][INFO] - Using section 92 in the training set
[2022-05-01 21:49:42,341][__main__][INFO] - Using section 93 in the training set
[2022-05-01 21:49:42,360][__main__][INFO] - Using section 94 in the training set
[2022-05-01 21:49:42,375][__main__][INFO] - Using section 95 in the training set
[2022-05-01 21:49:42,501][__main__][INFO] - Fitting and transforming x training
[2022-05-01 21:49:42,501][__main__][INFO] - Using MinMaxScaler with feature range -1, 1
[2022-05-01 21:51:12,158][__main__][INFO] - Logging transformer to MLflow
[2022-05-01 21:51:12,163][__main__][INFO] - Logging scaler to MLflow
[2022-05-01 21:51:12,164][__main__][INFO] - Applying transformation to training data and test data
[2022-05-01 21:51:12,164][__main__][INFO] - Transforming data 89
[2022-05-01 21:51:12,680][__main__][INFO] - Saving transformed data to disk
[2022-05-01 21:51:12,713][__main__][INFO] - Transforming data 90
[2022-05-01 21:51:13,604][__main__][INFO] - Saving transformed data to disk
[2022-05-01 21:51:13,659][__main__][INFO] - Transforming data 91
[2022-05-01 21:51:14,440][__main__][INFO] - Saving transformed data to disk
[2022-05-01 21:51:14,503][__main__][INFO] - Transforming data 92
[2022-05-01 21:51:15,810][__main__][INFO] - Saving transformed data to disk
[2022-05-01 21:51:15,889][__main__][INFO] - Transforming data 93
[2022-05-01 21:51:16,222][__main__][INFO] - Saving transformed data to disk
[2022-05-01 21:51:16,247][__main__][INFO] - Transforming data 94
[2022-05-01 21:51:17,009][__main__][INFO] - Saving transformed data to disk
[2022-05-01 21:51:17,067][__main__][INFO] - Transforming data 95
[2022-05-01 21:51:17,608][__main__][INFO] - Saving transformed data to disk
[2022-05-01 21:51:17,640][__main__][INFO] - Transforming data 96
[2022-05-01 21:51:19,121][__main__][INFO] - Saving transformed data to disk
