[2022-05-01 23:09:17,540][__main__][INFO] - Using section 90 in the training set
[2022-05-01 23:09:17,562][__main__][INFO] - Using section 91 in the training set
[2022-05-01 23:09:17,597][__main__][INFO] - Using section 92 in the training set
[2022-05-01 23:09:17,607][__main__][INFO] - Using section 93 in the training set
[2022-05-01 23:09:17,626][__main__][INFO] - Using section 94 in the training set
[2022-05-01 23:09:17,641][__main__][INFO] - Using section 95 in the training set
[2022-05-01 23:09:17,768][__main__][INFO] - Fitting and transforming x training
[2022-05-01 23:09:17,768][__main__][INFO] - Using MinMaxScaler with feature range -1, 1
[2022-05-01 23:10:43,862][__main__][INFO] - Logging transformer to MLflow
[2022-05-01 23:10:43,868][__main__][INFO] - Logging scaler to MLflow
[2022-05-01 23:10:43,868][__main__][INFO] - Applying transformation to training data and test data
[2022-05-01 23:10:43,868][__main__][INFO] - Transforming data 89
[2022-05-01 23:10:44,374][__main__][INFO] - Saving transformed data to disk
[2022-05-01 23:10:44,404][__main__][INFO] - Transforming data 90
[2022-05-01 23:10:45,282][__main__][INFO] - Saving transformed data to disk
[2022-05-01 23:10:45,333][__main__][INFO] - Transforming data 91
[2022-05-01 23:10:46,093][__main__][INFO] - Saving transformed data to disk
[2022-05-01 23:10:46,154][__main__][INFO] - Transforming data 92
[2022-05-01 23:10:47,405][__main__][INFO] - Saving transformed data to disk
[2022-05-01 23:10:47,481][__main__][INFO] - Transforming data 93
[2022-05-01 23:10:47,794][__main__][INFO] - Saving transformed data to disk
[2022-05-01 23:10:47,819][__main__][INFO] - Transforming data 94
[2022-05-01 23:10:48,497][__main__][INFO] - Saving transformed data to disk
[2022-05-01 23:10:48,533][__main__][INFO] - Transforming data 95
[2022-05-01 23:10:49,014][__main__][INFO] - Saving transformed data to disk
[2022-05-01 23:10:49,043][__main__][INFO] - Transforming data 96
[2022-05-01 23:10:50,462][__main__][INFO] - Saving transformed data to disk
