[2022-05-02 15:04:26,747][__main__][INFO] - Processing section 89
[2022-05-02 15:04:26,747][__main__][INFO] - Loading data and converting to numpy arrays
[2022-05-02 15:04:31,083][__main__][INFO] - Clipping the GPR section to a format divisible by the sample size: 32
[2022-05-02 15:04:31,083][__main__][INFO] - GPR shape: (928, 928)
[2022-05-02 15:04:31,085][__main__][INFO] - Padding and clipping data attributes to the same size
[2022-05-02 15:04:31,092][__main__][INFO] - Calculating the Hilbert Trace/Similarity
[2022-05-02 15:04:31,104][__main__][INFO] - Loading the ground truth and clipping it
[2022-05-02 15:04:31,154][__main__][INFO] - Concatenating data into a single array
[2022-05-02 15:04:31,194][__main__][INFO] - Saving data to disk
[2022-05-02 15:04:31,194][__main__][INFO] - X shape: (928, 928, 6)
[2022-05-02 15:04:31,194][__main__][INFO] - Y shape: (928, 928)
[2022-05-02 15:04:31,261][__main__][INFO] - Processing section 90
[2022-05-02 15:04:31,261][__main__][INFO] - Loading data and converting to numpy arrays
[2022-05-02 15:04:38,655][__main__][INFO] - Clipping the GPR section to a format divisible by the sample size: 32
[2022-05-02 15:04:38,655][__main__][INFO] - GPR shape: (928, 1632)
[2022-05-02 15:04:38,655][__main__][INFO] - Padding and clipping data attributes to the same size
[2022-05-02 15:04:38,666][__main__][INFO] - Calculating the Hilbert Trace/Similarity
[2022-05-02 15:04:38,685][__main__][INFO] - Loading the ground truth and clipping it
[2022-05-02 15:04:38,742][__main__][INFO] - Concatenating data into a single array
[2022-05-02 15:04:38,820][__main__][INFO] - Saving data to disk
[2022-05-02 15:04:38,820][__main__][INFO] - X shape: (928, 1632, 6)
[2022-05-02 15:04:38,820][__main__][INFO] - Y shape: (928, 1632)
[2022-05-02 15:04:38,979][__main__][INFO] - Processing section 91
[2022-05-02 15:04:38,979][__main__][INFO] - Loading data and converting to numpy arrays
[2022-05-02 15:04:45,174][__main__][INFO] - Clipping the GPR section to a format divisible by the sample size: 32
[2022-05-02 15:04:45,174][__main__][INFO] - GPR shape: (928, 1344)
[2022-05-02 15:04:45,175][__main__][INFO] - Padding and clipping data attributes to the same size
[2022-05-02 15:04:45,181][__main__][INFO] - Calculating the Hilbert Trace/Similarity
[2022-05-02 15:04:45,195][__main__][INFO] - Loading the ground truth and clipping it
[2022-05-02 15:04:45,233][__main__][INFO] - Concatenating data into a single array
[2022-05-02 15:04:45,292][__main__][INFO] - Saving data to disk
[2022-05-02 15:04:45,292][__main__][INFO] - X shape: (928, 1344, 6)
[2022-05-02 15:04:45,292][__main__][INFO] - Y shape: (928, 1344)
[2022-05-02 15:04:45,408][__main__][INFO] - Processing section 92
[2022-05-02 15:04:45,408][__main__][INFO] - Loading data and converting to numpy arrays
[2022-05-02 15:04:55,630][__main__][INFO] - Clipping the GPR section to a format divisible by the sample size: 32
[2022-05-02 15:04:55,630][__main__][INFO] - GPR shape: (928, 2240)
[2022-05-02 15:04:55,630][__main__][INFO] - Padding and clipping data attributes to the same size
[2022-05-02 15:04:55,642][__main__][INFO] - Calculating the Hilbert Trace/Similarity
[2022-05-02 15:04:55,672][__main__][INFO] - Loading the ground truth and clipping it
[2022-05-02 15:04:55,764][__main__][INFO] - Concatenating data into a single array
[2022-05-02 15:04:55,908][__main__][INFO] - Saving data to disk
[2022-05-02 15:04:55,909][__main__][INFO] - X shape: (928, 2240, 6)
[2022-05-02 15:04:55,909][__main__][INFO] - Y shape: (928, 2240)
[2022-05-02 15:04:56,150][__main__][INFO] - Processing section 93
[2022-05-02 15:04:56,150][__main__][INFO] - Loading data and converting to numpy arrays
[2022-05-02 15:04:58,437][__main__][INFO] - Clipping the GPR section to a format divisible by the sample size: 32
[2022-05-02 15:04:58,438][__main__][INFO] - GPR shape: (928, 544)
[2022-05-02 15:04:58,438][__main__][INFO] - Padding and clipping data attributes to the same size
[2022-05-02 15:04:58,441][__main__][INFO] - Calculating the Hilbert Trace/Similarity
[2022-05-02 15:04:58,447][__main__][INFO] - Loading the ground truth and clipping it
[2022-05-02 15:04:58,463][__main__][INFO] - Concatenating data into a single array
[2022-05-02 15:04:58,480][__main__][INFO] - Saving data to disk
[2022-05-02 15:04:58,481][__main__][INFO] - X shape: (928, 544, 6)
[2022-05-02 15:04:58,481][__main__][INFO] - Y shape: (928, 544)
[2022-05-02 15:04:58,539][__main__][INFO] - Processing section 94
[2022-05-02 15:04:58,539][__main__][INFO] - Loading data and converting to numpy arrays
[2022-05-02 15:05:03,759][__main__][INFO] - Clipping the GPR section to a format divisible by the sample size: 32
[2022-05-02 15:05:03,760][__main__][INFO] - GPR shape: (928, 1184)
[2022-05-02 15:05:03,760][__main__][INFO] - Padding and clipping data attributes to the same size
[2022-05-02 15:05:03,765][__main__][INFO] - Calculating the Hilbert Trace/Similarity
[2022-05-02 15:05:03,779][__main__][INFO] - Loading the ground truth and clipping it
[2022-05-02 15:05:03,810][__main__][INFO] - Concatenating data into a single array
[2022-05-02 15:05:03,866][__main__][INFO] - Saving data to disk
[2022-05-02 15:05:03,866][__main__][INFO] - X shape: (928, 1184, 6)
[2022-05-02 15:05:03,866][__main__][INFO] - Y shape: (928, 1184)
[2022-05-02 15:05:03,960][__main__][INFO] - Processing section 95
[2022-05-02 15:05:03,960][__main__][INFO] - Loading data and converting to numpy arrays
[2022-05-02 15:05:07,797][__main__][INFO] - Clipping the GPR section to a format divisible by the sample size: 32
[2022-05-02 15:05:07,798][__main__][INFO] - GPR shape: (928, 896)
[2022-05-02 15:05:07,798][__main__][INFO] - Padding and clipping data attributes to the same size
[2022-05-02 15:05:07,802][__main__][INFO] - Calculating the Hilbert Trace/Similarity
[2022-05-02 15:05:07,812][__main__][INFO] - Loading the ground truth and clipping it
[2022-05-02 15:05:07,834][__main__][INFO] - Concatenating data into a single array
[2022-05-02 15:05:07,871][__main__][INFO] - Saving data to disk
[2022-05-02 15:05:07,872][__main__][INFO] - X shape: (928, 896, 6)
[2022-05-02 15:05:07,872][__main__][INFO] - Y shape: (928, 896)
[2022-05-02 15:05:07,948][__main__][INFO] - Processing section 96
[2022-05-02 15:05:07,949][__main__][INFO] - Loading data and converting to numpy arrays
[2022-05-02 15:05:19,917][__main__][INFO] - Clipping the GPR section to a format divisible by the sample size: 32
[2022-05-02 15:05:19,917][__main__][INFO] - GPR shape: (928, 2656)
[2022-05-02 15:05:19,917][__main__][INFO] - Padding and clipping data attributes to the same size
[2022-05-02 15:05:19,928][__main__][INFO] - Calculating the Hilbert Trace/Similarity
[2022-05-02 15:05:19,958][__main__][INFO] - Loading the ground truth and clipping it
[2022-05-02 15:05:20,036][__main__][INFO] - Concatenating data into a single array
[2022-05-02 15:05:20,172][__main__][INFO] - Saving data to disk
[2022-05-02 15:05:20,173][__main__][INFO] - X shape: (928, 2656, 6)
[2022-05-02 15:05:20,173][__main__][INFO] - Y shape: (928, 2656)
