[2022-05-01 23:11:20,410][__main__][INFO] - Early stop patience: 30
[2022-05-01 23:11:20,410][__main__][INFO] - Early stop monitor: val_accuracy
[2022-05-01 23:11:20,411][__main__][INFO] - Batch size: 1024
[2022-05-01 23:11:20,411][__main__][INFO] - Epochs: 400
[2022-05-01 23:11:20,416][__main__][INFO] - Loading augmented data
[2022-05-01 23:11:21,226][__main__][INFO] - Running attribute 0
[2022-05-01 23:11:21,227][__main__][INFO] - Training samples: 144942
[2022-05-01 23:11:21,227][__main__][INFO] - Validation samples: 4263
[2022-05-01 23:11:21,227][__main__][INFO] - Test samples: 13050
[2022-05-01 23:11:21,227][__main__][INFO] - Image size: 16
[2022-05-01 23:11:21,227][__main__][INFO] - Number of channels: 1
[2022-05-01 23:11:21,227][__main__][INFO] - Initial number of filters: 8
[2022-05-01 23:11:21,227][__main__][INFO] - Kernel size: (7, 7)
[2022-05-01 23:11:21,227][__main__][INFO] - Dropout rate: 0.5
[2022-05-01 23:25:09,282][tensorflow][INFO] - Assets written to: /tmp/tmpmfacp72s/model/data/model/assets
[2022-05-01 23:25:17,541][__main__][INFO] - Training complete
[2022-05-01 23:25:22,747][__main__][INFO] - Test metrics logged
[2022-05-01 23:25:23,072][__main__][INFO] - Loading augmented data
[2022-05-01 23:25:29,761][__main__][INFO] - Running attribute 1
[2022-05-01 23:25:29,761][__main__][INFO] - Training samples: 144942
[2022-05-01 23:25:29,761][__main__][INFO] - Validation samples: 4263
[2022-05-01 23:25:29,761][__main__][INFO] - Test samples: 13050
[2022-05-01 23:25:29,762][__main__][INFO] - Image size: 16
[2022-05-01 23:25:29,762][__main__][INFO] - Number of channels: 1
[2022-05-01 23:25:29,762][__main__][INFO] - Initial number of filters: 8
[2022-05-01 23:25:29,762][__main__][INFO] - Kernel size: (7, 7)
[2022-05-01 23:25:29,762][__main__][INFO] - Dropout rate: 0.5
[2022-05-01 23:31:24,902][tensorflow][INFO] - Assets written to: /tmp/tmpclkk79wg/model/data/model/assets
[2022-05-01 23:31:34,061][__main__][INFO] - Training complete
[2022-05-01 23:31:37,842][__main__][INFO] - Test metrics logged
