[2022-05-02 13:11:21,171][__main__][INFO] - Processing section 89
[2022-05-02 13:11:21,171][__main__][INFO] - Loading data and converting to numpy arrays
[2022-05-02 13:11:25,320][__main__][INFO] - Clipping the GPR section to a format divisible by the sample size: 16
[2022-05-02 13:11:25,320][__main__][INFO] - GPR shape: (928, 944)
[2022-05-02 13:11:25,321][__main__][INFO] - Padding and clipping data attributes to the same size
[2022-05-02 13:11:25,332][__main__][INFO] - Calculating the Hilbert Trace/Similarity
[2022-05-02 13:11:25,345][__main__][INFO] - Loading the ground truth and clipping it
[2022-05-02 13:11:25,430][__main__][INFO] - Concatenating data into a single array
[2022-05-02 13:11:25,478][__main__][INFO] - Saving data to disk
[2022-05-02 13:11:25,478][__main__][INFO] - X shape: (928, 944, 6)
[2022-05-02 13:11:25,478][__main__][INFO] - Y shape: (928, 944)
[2022-05-02 13:11:25,519][__main__][INFO] - Processing section 90
[2022-05-02 13:11:25,519][__main__][INFO] - Loading data and converting to numpy arrays
[2022-05-02 13:11:32,642][__main__][INFO] - Clipping the GPR section to a format divisible by the sample size: 16
[2022-05-02 13:11:32,643][__main__][INFO] - GPR shape: (928, 1632)
[2022-05-02 13:11:32,643][__main__][INFO] - Padding and clipping data attributes to the same size
[2022-05-02 13:11:32,656][__main__][INFO] - Calculating the Hilbert Trace/Similarity
[2022-05-02 13:11:32,679][__main__][INFO] - Loading the ground truth and clipping it
[2022-05-02 13:11:32,753][__main__][INFO] - Concatenating data into a single array
[2022-05-02 13:11:32,851][__main__][INFO] - Saving data to disk
[2022-05-02 13:11:32,851][__main__][INFO] - X shape: (928, 1632, 6)
[2022-05-02 13:11:32,851][__main__][INFO] - Y shape: (928, 1632)
[2022-05-02 13:11:32,977][__main__][INFO] - Processing section 91
[2022-05-02 13:11:32,977][__main__][INFO] - Loading data and converting to numpy arrays
[2022-05-02 13:11:39,047][__main__][INFO] - Clipping the GPR section to a format divisible by the sample size: 16
[2022-05-02 13:11:39,047][__main__][INFO] - GPR shape: (928, 1344)
[2022-05-02 13:11:39,047][__main__][INFO] - Padding and clipping data attributes to the same size
[2022-05-02 13:11:39,053][__main__][INFO] - Calculating the Hilbert Trace/Similarity
[2022-05-02 13:11:39,069][__main__][INFO] - Loading the ground truth and clipping it
[2022-05-02 13:11:39,116][__main__][INFO] - Concatenating data into a single array
[2022-05-02 13:11:39,183][__main__][INFO] - Saving data to disk
[2022-05-02 13:11:39,183][__main__][INFO] - X shape: (928, 1344, 6)
[2022-05-02 13:11:39,183][__main__][INFO] - Y shape: (928, 1344)
[2022-05-02 13:11:39,388][__main__][INFO] - Processing section 92
[2022-05-02 13:11:39,388][__main__][INFO] - Loading data and converting to numpy arrays
[2022-05-02 13:11:49,443][__main__][INFO] - Clipping the GPR section to a format divisible by the sample size: 16
[2022-05-02 13:11:49,444][__main__][INFO] - GPR shape: (928, 2240)
[2022-05-02 13:11:49,444][__main__][INFO] - Padding and clipping data attributes to the same size
[2022-05-02 13:11:49,454][__main__][INFO] - Calculating the Hilbert Trace/Similarity
[2022-05-02 13:11:49,482][__main__][INFO] - Loading the ground truth and clipping it
[2022-05-02 13:11:49,559][__main__][INFO] - Concatenating data into a single array
[2022-05-02 13:11:49,711][__main__][INFO] - Saving data to disk
[2022-05-02 13:11:49,712][__main__][INFO] - X shape: (928, 2240, 6)
[2022-05-02 13:11:49,712][__main__][INFO] - Y shape: (928, 2240)
[2022-05-02 13:11:49,877][__main__][INFO] - Processing section 93
[2022-05-02 13:11:49,877][__main__][INFO] - Loading data and converting to numpy arrays
[2022-05-02 13:11:52,216][__main__][INFO] - Clipping the GPR section to a format divisible by the sample size: 16
[2022-05-02 13:11:52,216][__main__][INFO] - GPR shape: (928, 544)
[2022-05-02 13:11:52,217][__main__][INFO] - Padding and clipping data attributes to the same size
[2022-05-02 13:11:52,219][__main__][INFO] - Calculating the Hilbert Trace/Similarity
[2022-05-02 13:11:52,225][__main__][INFO] - Loading the ground truth and clipping it
[2022-05-02 13:11:52,242][__main__][INFO] - Concatenating data into a single array
[2022-05-02 13:11:52,261][__main__][INFO] - Saving data to disk
[2022-05-02 13:11:52,262][__main__][INFO] - X shape: (928, 544, 6)
[2022-05-02 13:11:52,262][__main__][INFO] - Y shape: (928, 544)
[2022-05-02 13:11:52,332][__main__][INFO] - Processing section 94
[2022-05-02 13:11:52,332][__main__][INFO] - Loading data and converting to numpy arrays
[2022-05-02 13:11:58,152][__main__][INFO] - Clipping the GPR section to a format divisible by the sample size: 16
[2022-05-02 13:11:58,153][__main__][INFO] - GPR shape: (928, 1184)
[2022-05-02 13:11:58,153][__main__][INFO] - Padding and clipping data attributes to the same size
[2022-05-02 13:11:58,160][__main__][INFO] - Calculating the Hilbert Trace/Similarity
[2022-05-02 13:11:58,174][__main__][INFO] - Loading the ground truth and clipping it
[2022-05-02 13:11:58,203][__main__][INFO] - Concatenating data into a single array
[2022-05-02 13:11:58,276][__main__][INFO] - Saving data to disk
[2022-05-02 13:11:58,276][__main__][INFO] - X shape: (928, 1184, 6)
[2022-05-02 13:11:58,276][__main__][INFO] - Y shape: (928, 1184)
[2022-05-02 13:11:58,361][__main__][INFO] - Processing section 95
[2022-05-02 13:11:58,361][__main__][INFO] - Loading data and converting to numpy arrays
[2022-05-02 13:12:02,177][__main__][INFO] - Clipping the GPR section to a format divisible by the sample size: 16
[2022-05-02 13:12:02,178][__main__][INFO] - GPR shape: (928, 896)
[2022-05-02 13:12:02,178][__main__][INFO] - Padding and clipping data attributes to the same size
[2022-05-02 13:12:02,182][__main__][INFO] - Calculating the Hilbert Trace/Similarity
[2022-05-02 13:12:02,192][__main__][INFO] - Loading the ground truth and clipping it
[2022-05-02 13:12:02,216][__main__][INFO] - Concatenating data into a single array
[2022-05-02 13:12:02,254][__main__][INFO] - Saving data to disk
[2022-05-02 13:12:02,254][__main__][INFO] - X shape: (928, 896, 6)
[2022-05-02 13:12:02,254][__main__][INFO] - Y shape: (928, 896)
[2022-05-02 13:12:02,317][__main__][INFO] - Processing section 96
[2022-05-02 13:12:02,317][__main__][INFO] - Loading data and converting to numpy arrays
[2022-05-02 13:12:14,478][__main__][INFO] - Clipping the GPR section to a format divisible by the sample size: 16
[2022-05-02 13:12:14,478][__main__][INFO] - GPR shape: (928, 2656)
[2022-05-02 13:12:14,478][__main__][INFO] - Padding and clipping data attributes to the same size
[2022-05-02 13:12:14,490][__main__][INFO] - Calculating the Hilbert Trace/Similarity
[2022-05-02 13:12:14,519][__main__][INFO] - Loading the ground truth and clipping it
[2022-05-02 13:12:14,578][__main__][INFO] - Concatenating data into a single array
[2022-05-02 13:12:14,768][__main__][INFO] - Saving data to disk
[2022-05-02 13:12:14,769][__main__][INFO] - X shape: (928, 2656, 6)
[2022-05-02 13:12:14,769][__main__][INFO] - Y shape: (928, 2656)
