[2022-05-02 13:12:17,911][__main__][INFO] - Using section 90 in the training set
[2022-05-02 13:12:17,934][__main__][INFO] - Using section 91 in the training set
[2022-05-02 13:12:17,973][__main__][INFO] - Using section 92 in the training set
[2022-05-02 13:12:17,985][__main__][INFO] - Using section 93 in the training set
[2022-05-02 13:12:18,009][__main__][INFO] - Using section 94 in the training set
[2022-05-02 13:12:18,025][__main__][INFO] - Using section 95 in the training set
[2022-05-02 13:12:18,286][__main__][INFO] - Fitting and transforming x training
[2022-05-02 13:12:18,286][__main__][INFO] - Using MinMaxScaler with feature range -1, 1
[2022-05-02 13:13:57,052][__main__][INFO] - Logging transformer to MLflow
[2022-05-02 13:13:57,059][__main__][INFO] - Logging scaler to MLflow
[2022-05-02 13:13:57,060][__main__][INFO] - Applying transformation to training data and test data
[2022-05-02 13:13:57,060][__main__][INFO] - Transforming data 89
[2022-05-02 13:13:57,623][__main__][INFO] - Saving transformed data to disk
[2022-05-02 13:13:57,659][__main__][INFO] - Transforming data 90
[2022-05-02 13:13:58,665][__main__][INFO] - Saving transformed data to disk
[2022-05-02 13:13:58,723][__main__][INFO] - Transforming data 91
[2022-05-02 13:13:59,633][__main__][INFO] - Saving transformed data to disk
[2022-05-02 13:13:59,681][__main__][INFO] - Transforming data 92
[2022-05-02 13:14:01,105][__main__][INFO] - Saving transformed data to disk
[2022-05-02 13:14:01,235][__main__][INFO] - Transforming data 93
[2022-05-02 13:14:01,687][__main__][INFO] - Saving transformed data to disk
[2022-05-02 13:14:01,704][__main__][INFO] - Transforming data 94
[2022-05-02 13:14:02,504][__main__][INFO] - Saving transformed data to disk
[2022-05-02 13:14:02,551][__main__][INFO] - Transforming data 95
[2022-05-02 13:14:03,176][__main__][INFO] - Saving transformed data to disk
[2022-05-02 13:14:03,206][__main__][INFO] - Transforming data 96
[2022-05-02 13:14:04,990][__main__][INFO] - Saving transformed data to disk
